<?xml version="1.0" encoding="UTF-8"?>
<!-- Generated by org.testng.reporters.JUnitXMLReporter -->
<testsuite ignored="5" hostname="LAPTOP-HIHHPDSQ" failures="1" tests="6" name="Test" time="109.47" errors="0" timestamp="2024-05-13T13:01:02 IST">
  <testcase classname="com.ecommerce.test.TC_01_LoginPage" name="validationofsignin_1" time="17.508"/>
  <testcase classname="com.ecommerce.test.TC_02_validationofSearchproduct" name="searchproduct" time="36.167"/>
  <testcase classname="com.ecommerce.test.TC_06_validationofaddresspage" name="addresspage" time="52.412"/>
  <testcase classname="com.ecommerce.test.TC_04_validationofaddtocart" name="validationofaddtocart" time="79.486"/>
  <testcase classname="com.ecommerce.test.TC_05_proceedtocheckoutpage" name="proceedtocheckoutpage" time="84.913"/>
  <testcase classname="com.ecommerce.test.TC_03_search_product_select1auto" name="search1stauto" time="34.727">
    <failure type="java.lang.IndexOutOfBoundsException" message="Index 1 out of bounds for length 0">
      <![CDATA[java.lang.IndexOutOfBoundsException: Index 1 out of bounds for length 0
at java.base/jdk.internal.util.Preconditions.outOfBounds(Preconditions.java:100)
at java.base/jdk.internal.util.Preconditions.outOfBoundsCheckIndex(Preconditions.java:106)
at java.base/jdk.internal.util.Preconditions.checkIndex(Preconditions.java:302)
at java.base/java.util.Objects.checkIndex(Objects.java:359)
at java.base/java.util.ArrayList.get(ArrayList.java:427)
at com.ecommerce.test.TC_03_search_product_select1auto.search1stauto(TC_03_search_product_select1auto.java:30)
at java.base/java.util.concurrent.ThreadPoolExecutor.runWorker(ThreadPoolExecutor.java:1136)
at java.base/java.util.concurrent.ThreadPoolExecutor$Worker.run(ThreadPoolExecutor.java:635)
at java.base/java.lang.Thread.run(Thread.java:833)
... Removed 10 stack frames]]>
    </failure>
  </testcase> <!-- search1stauto -->
  <testcase classname="com.ecommerce.source.BaseClass" name="@BeforeSuite setUpSuite" time="0.0">
    <ignored/>
  </testcase> <!-- @BeforeSuite setUpSuite -->
  <testcase classname="com.ecommerce.source.BaseClass" name="@BeforeSuite setUpSuite" time="0.0">
    <ignored/>
  </testcase> <!-- @BeforeSuite setUpSuite -->
  <testcase classname="com.ecommerce.source.BaseClass" name="@BeforeSuite setUpSuite" time="0.0">
    <ignored/>
  </testcase> <!-- @BeforeSuite setUpSuite -->
  <testcase classname="com.ecommerce.source.BaseClass" name="@BeforeSuite setUpSuite" time="0.0">
    <ignored/>
  </testcase> <!-- @BeforeSuite setUpSuite -->
  <testcase classname="com.ecommerce.source.BaseClass" name="@BeforeSuite setUpSuite" time="0.0">
    <ignored/>
  </testcase> <!-- @BeforeSuite setUpSuite -->
</testsuite> <!-- Test -->
